[million-baseline] adaptive_workers enabled=true initial=13 min=13 max=27 ahead_by_k=11 temporary_cap=none
[million-baseline] worker_fanout mode=fixed:4
[million-baseline] worker_parallelism=4 worker_endpoints=1 endpoints=http://100.72.87.94:8081/v1
[million-baseline] preflight=ok planner_worker_endpoints_ready


[!!!] WORKER GENERATED PYTHON CODE [!!!]
PID: worker_53b9bd28
CODE:
python3 -c "with open('MAIN_TAPE.md', 'r') as f: tape = f.read(); expr = tape.split('Expression: ')[1].split(); print(int(expr[0]) + int(expr[2]))"



[!!!] WORKER GENERATED PYTHON CODE [!!!]
PID: worker_21c04b1c
CODE:
python3 -c "with open('MAIN_TAPE.md', 'r') as f: tape = f.read(); expr = tape.split('Expression: ')[1].split(); print(int(expr[0]) + int(expr[2]))"



[!!!] WORKER GENERATED PYTHON CODE [!!!]
PID: worker_97b53977
CODE:
python3 -c "with open('MAIN_TAPE.md', 'r') as f: tape = f.read(); expr = tape.split('Expression: ')[1].split(); print(int(expr[0]) + int(expr[2]))"



[!!!] WORKER GENERATED PYTHON CODE [!!!]
PID: worker_1dad837e
CODE:
python3 -c "with open('MAIN_TAPE.md', 'r') as f: tape = f.read(); expr = tape.split('Expression: ')[1].split(); print(int(expr[0]) + int(expr[2]))"

[million-baseline] case=185 mode=turingos_dualbrain attempted=1 passed=0 expected=13720 got=13720
